<?xml version="1.0" encoding="UTF-8"?>
<!-- Generated by org.testng.reporters.JUnitXMLReporter -->
<testsuite hostname="DESKTOP-HO72AL1" ignored="0" name="ChromeTest" tests="8" failures="0" timestamp="2020-12-07T14:04:39 IST" time="44.351" errors="0">
  <testcase name="ftOnRegEmail" time="3.139" classname="com.ecom.scripts.TC007"/>
  <testcase name="negativeFtOnRegEmail" time="3.04" classname="com.ecom.scripts.TC007"/>
  <testcase name="negativeFtOnRegEmail" time="1.494" classname="com.ecom.scripts.TC007"/>
  <testcase name="negativeFtOnRegEmail" time="1.546" classname="com.ecom.scripts.TC007"/>
  <testcase name="negativeFtOnRegEmail" time="1.492" classname="com.ecom.scripts.TC007"/>
  <testcase name="negativeFtOnRegEmail" time="1.5" classname="com.ecom.scripts.TC007"/>
  <testcase name="negativeFtOnRegEmail" time="1.489" classname="com.ecom.scripts.TC007"/>
  <testcase name="negativeFtOnRegEmail" time="1.465" classname="com.ecom.scripts.TC007"/>
</testsuite> <!-- ChromeTest -->
