<?xml version="1.0" encoding="UTF-8"?>
<!-- Generated by org.testng.reporters.JUnitXMLReporter -->
<testsuite hostname="DESKTOP-HO72AL1" ignored="0" name="EdgeTest" tests="8" failures="0" timestamp="2020-12-07T14:06:09 IST" time="49.231" errors="0">
  <testcase name="ftOnRegEmail" time="0.72" classname="com.ecom.scripts.TC007"/>
  <testcase name="negativeFtOnRegEmail" time="2.547" classname="com.ecom.scripts.TC007"/>
  <testcase name="negativeFtOnRegEmail" time="1.915" classname="com.ecom.scripts.TC007"/>
  <testcase name="negativeFtOnRegEmail" time="1.377" classname="com.ecom.scripts.TC007"/>
  <testcase name="negativeFtOnRegEmail" time="1.421" classname="com.ecom.scripts.TC007"/>
  <testcase name="negativeFtOnRegEmail" time="2.015" classname="com.ecom.scripts.TC007"/>
  <testcase name="negativeFtOnRegEmail" time="1.969" classname="com.ecom.scripts.TC007"/>
  <testcase name="negativeFtOnRegEmail" time="2.051" classname="com.ecom.scripts.TC007"/>
</testsuite> <!-- EdgeTest -->
