<?xml version="1.0" encoding="UTF-8"?>
<!-- Generated by org.testng.reporters.JUnitXMLReporter -->
<testsuite hostname="DESKTOP-HO72AL1" ignored="0" name="FirefoxTest" tests="8" failures="0" timestamp="2020-12-07T14:05:20 IST" time="40.675" errors="0">
  <testcase name="ftOnRegEmail" time="0.722" classname="com.ecom.scripts.TC007"/>
  <testcase name="negativeFtOnRegEmail" time="1.043" classname="com.ecom.scripts.TC007"/>
  <testcase name="negativeFtOnRegEmail" time="1.111" classname="com.ecom.scripts.TC007"/>
  <testcase name="negativeFtOnRegEmail" time="1.713" classname="com.ecom.scripts.TC007"/>
  <testcase name="negativeFtOnRegEmail" time="1.6" classname="com.ecom.scripts.TC007"/>
  <testcase name="negativeFtOnRegEmail" time="1.645" classname="com.ecom.scripts.TC007"/>
  <testcase name="negativeFtOnRegEmail" time="1.161" classname="com.ecom.scripts.TC007"/>
  <testcase name="negativeFtOnRegEmail" time="1.089" classname="com.ecom.scripts.TC007"/>
</testsuite> <!-- FirefoxTest -->
