<?xml version="1.0" encoding="UTF-8"?>
<!-- Generated by org.testng.reporters.JUnitXMLReporter -->
<testsuite hostname="DESKTOP-HO72AL1" ignored="0" name="Test" tests="4" failures="0" timestamp="2020-10-07T17:55:37 IST" time="61.444" errors="0">
  <testcase name="Test3" time="3.509" classname="com.ecom.scripts.TC002"/>
  <testcase name="Test4" time="3.08" classname="com.ecom.scripts.TC002"/>
  <testcase name="Test1" time="3.2" classname="com.ecom.scripts.TC001"/>
  <testcase name="Test2" time="3.084" classname="com.ecom.scripts.TC001"/>
</testsuite> <!-- Test -->
