<?xml version="1.0" encoding="UTF-8"?>
<!-- Generated by org.testng.reporters.JUnitXMLReporter -->
<testsuite hostname="DESKTOP-HO72AL1" ignored="0" name="Chrome" tests="6" failures="0" timestamp="2020-10-12T17:05:34 IST" time="159.959" errors="0">
  <testcase name="validLogin" time="13.686" classname="com.ecom.scripts.TC001"/>
  <testcase name="invaldLogin" time="10.871" classname="com.ecom.scripts.TC002"/>
  <testcase name="invaldLogin" time="7.926" classname="com.ecom.scripts.TC002"/>
  <testcase name="invaldLogin" time="13.548" classname="com.ecom.scripts.TC002"/>
  <testcase name="invaldLogin" time="10.329" classname="com.ecom.scripts.TC002"/>
  <testcase name="invaldLogin" time="14.019" classname="com.ecom.scripts.TC002"/>
</testsuite> <!-- Chrome -->
