<?xml version="1.0" encoding="UTF-8"?>
<!-- Generated by org.testng.reporters.JUnitXMLReporter -->
<testsuite hostname="DESKTOP-HO72AL1" ignored="0" name="Chrome" tests="6" failures="0" timestamp="2020-10-08T19:46:49 IST" time="62.325" errors="0">
  <testcase name="validLogin" time="4.533" classname="com.ecom.scripts.TC001"/>
  <testcase name="invaldLogin" time="4.347" classname="com.ecom.scripts.TC002"/>
  <testcase name="invaldLogin" time="3.383" classname="com.ecom.scripts.TC002"/>
  <testcase name="invaldLogin" time="4.303" classname="com.ecom.scripts.TC002"/>
  <testcase name="invaldLogin" time="4.954" classname="com.ecom.scripts.TC002"/>
  <testcase name="invaldLogin" time="4.415" classname="com.ecom.scripts.TC002"/>
</testsuite> <!-- Chrome -->
