<?xml version="1.0" encoding="UTF-8"?>
<!-- Generated by org.testng.reporters.JUnitXMLReporter -->
<testsuite hostname="DESKTOP-HO72AL1" ignored="0" name="Edge" tests="6" failures="0" timestamp="2020-10-12T17:05:47 IST" time="173.069" errors="0">
  <testcase name="validLogin" time="11.67" classname="com.ecom.scripts.TC001"/>
  <testcase name="invaldLogin" time="11.659" classname="com.ecom.scripts.TC002"/>
  <testcase name="invaldLogin" time="8.802" classname="com.ecom.scripts.TC002"/>
  <testcase name="invaldLogin" time="25.741" classname="com.ecom.scripts.TC002"/>
  <testcase name="invaldLogin" time="13.895" classname="com.ecom.scripts.TC002"/>
  <testcase name="invaldLogin" time="11.198" classname="com.ecom.scripts.TC002"/>
</testsuite> <!-- Edge -->
