<?xml version="1.0" encoding="UTF-8"?>
<!-- Generated by org.testng.reporters.JUnitXMLReporter -->
<testsuite hostname="DESKTOP-HO72AL1" ignored="0" name="Edge" tests="6" failures="0" timestamp="2020-10-12T18:43:15 IST" time="66.759" errors="0">
  <testcase name="validLogin" time="5.241" classname="com.ecom.scripts.TC001"/>
  <testcase name="invaldLogin" time="4.114" classname="com.ecom.scripts.TC002"/>
  <testcase name="invaldLogin" time="5.392" classname="com.ecom.scripts.TC002"/>
  <testcase name="invaldLogin" time="5.079" classname="com.ecom.scripts.TC002"/>
  <testcase name="invaldLogin" time="3.722" classname="com.ecom.scripts.TC002"/>
  <testcase name="invaldLogin" time="5.216" classname="com.ecom.scripts.TC002"/>
</testsuite> <!-- Edge -->
