<?xml version="1.0" encoding="UTF-8"?>
<!-- Generated by org.testng.reporters.JUnitXMLReporter -->
<testsuite hostname="DESKTOP-HO72AL1" ignored="0" name="Firefox" tests="6" failures="0" timestamp="2020-10-08T19:48:28 IST" time="99.159" errors="0">
  <testcase name="validLogin" time="10.454" classname="com.ecom.scripts.TC001"/>
  <testcase name="invaldLogin" time="4.763" classname="com.ecom.scripts.TC002"/>
  <testcase name="invaldLogin" time="4.154" classname="com.ecom.scripts.TC002"/>
  <testcase name="invaldLogin" time="4.278" classname="com.ecom.scripts.TC002"/>
  <testcase name="invaldLogin" time="6.533" classname="com.ecom.scripts.TC002"/>
  <testcase name="invaldLogin" time="4.378" classname="com.ecom.scripts.TC002"/>
</testsuite> <!-- Firefox -->
