<?xml version="1.0" encoding="UTF-8"?>
<!-- Generated by org.testng.reporters.JUnitXMLReporter -->
<testsuite hostname="DESKTOP-HO72AL1" ignored="0" name="Firefox" tests="6" failures="0" timestamp="2020-10-12T17:05:36 IST" time="162.574" errors="0">
  <testcase name="validLogin" time="11.406" classname="com.ecom.scripts.TC001"/>
  <testcase name="invaldLogin" time="9.729" classname="com.ecom.scripts.TC002"/>
  <testcase name="invaldLogin" time="9.085" classname="com.ecom.scripts.TC002"/>
  <testcase name="invaldLogin" time="13.51" classname="com.ecom.scripts.TC002"/>
  <testcase name="invaldLogin" time="10.287" classname="com.ecom.scripts.TC002"/>
  <testcase name="invaldLogin" time="13.87" classname="com.ecom.scripts.TC002"/>
</testsuite> <!-- Firefox -->
