<?xml version="1.0" encoding="UTF-8"?>
<!-- Generated by org.testng.reporters.JUnitXMLReporter -->
<testsuite hostname="DESKTOP-HO72AL1" ignored="0" name="Chrome Test" tests="3" failures="0" timestamp="2020-10-12T18:07:45 IST" time="179.875" errors="0">
  <testcase name="addToCartMethod" time="19.637" classname="com.ecom.scripts.TC003"/>
  <testcase name="multipleProductCount" time="54.284" classname="com.ecom.scripts.TC004"/>
  <testcase name="verifyingRightProductIsInTheKart" time="20.849" classname="com.ecom.scripts.TC005"/>
</testsuite> <!-- Chrome Test -->
