<?xml version="1.0" encoding="UTF-8"?>
<!-- Generated by org.testng.reporters.JUnitXMLReporter -->
<testsuite hostname="DESKTOP-HO72AL1" ignored="0" name="Firefox Test" tests="3" failures="0" timestamp="2020-10-12T18:07:49 IST" time="183.926" errors="0">
  <testcase name="addToCartMethod" time="16.964" classname="com.ecom.scripts.TC003"/>
  <testcase name="multipleProductCount" time="45.683" classname="com.ecom.scripts.TC004"/>
  <testcase name="verifyingRightProductIsInTheKart" time="18.969" classname="com.ecom.scripts.TC005"/>
</testsuite> <!-- Firefox Test -->
