<?xml version="1.0" encoding="UTF-8"?>
<!-- Generated by org.testng.reporters.JUnitXMLReporter -->
<testsuite hostname="DESKTOP-HO72AL1" ignored="0" name="MSEdge Test" tests="3" failures="0" timestamp="2020-10-12T18:45:41 IST" time="111.987" errors="0">
  <testcase name="addToCartMethod" time="11.846" classname="com.ecom.scripts.TC003"/>
  <testcase name="multipleProductCount" time="29.282" classname="com.ecom.scripts.TC004"/>
  <testcase name="verifyingRightProductIsInTheKart" time="12.796" classname="com.ecom.scripts.TC005"/>
</testsuite> <!-- MSEdge Test -->
