<?xml version="1.0" encoding="UTF-8"?>
<!-- Generated by org.testng.reporters.JUnitXMLReporter -->
<testsuite hostname="DESKTOP-HO72AL1" ignored="0" name="MSEdge Test" tests="3" failures="0" timestamp="2020-10-12T18:08:02 IST" time="196.069" errors="0">
  <testcase name="addToCartMethod" time="14.101" classname="com.ecom.scripts.TC003"/>
  <testcase name="multipleProductCount" time="52.017" classname="com.ecom.scripts.TC004"/>
  <testcase name="verifyingRightProductIsInTheKart" time="13.899" classname="com.ecom.scripts.TC005"/>
</testsuite> <!-- MSEdge Test -->
