<?xml version="1.0" encoding="UTF-8"?>
<!-- Generated by org.testng.reporters.JUnitXMLReporter -->
<testsuite hostname="DESKTOP-HO72AL1" ignored="0" name="Default test" tests="5" failures="0" timestamp="2020-10-13T09:55:58 IST" time="222.773" errors="0">
  <testcase name="multipleProductCount" time="31.497" classname="com.ecom.scripts.TC004"/>
  <testcase name="multipleProductCount" time="29.128" classname="com.ecom.scripts.TC004"/>
  <testcase name="multipleProductCount" time="29.705" classname="com.ecom.scripts.TC004"/>
  <testcase name="multipleProductCount" time="23.748" classname="com.ecom.scripts.TC004"/>
  <testcase name="multipleProductCount" time="30.217" classname="com.ecom.scripts.TC004"/>
</testsuite> <!-- Default test -->
