<?xml version="1.0" encoding="UTF-8"?>
<!-- Generated by org.testng.reporters.JUnitXMLReporter -->
<testsuite hostname="DESKTOP-HO72AL1" ignored="0" name="Default test" tests="8" failures="0" timestamp="2020-12-07T13:52:06 IST" time="42.516" errors="0">
  <testcase name="ftOnRegEmail" time="4.91" classname="com.ecom.scripts.TC007"/>
  <testcase name="negativeFtOnRegEmail" time="1.055" classname="com.ecom.scripts.TC007"/>
  <testcase name="negativeFtOnRegEmail" time="1.169" classname="com.ecom.scripts.TC007"/>
  <testcase name="negativeFtOnRegEmail" time="1.697" classname="com.ecom.scripts.TC007"/>
  <testcase name="negativeFtOnRegEmail" time="1.642" classname="com.ecom.scripts.TC007"/>
  <testcase name="negativeFtOnRegEmail" time="1.167" classname="com.ecom.scripts.TC007"/>
  <testcase name="negativeFtOnRegEmail" time="1.028" classname="com.ecom.scripts.TC007"/>
  <testcase name="negativeFtOnRegEmail" time="1.602" classname="com.ecom.scripts.TC007"/>
</testsuite> <!-- Default test -->
